<?xml version="1.0" encoding="UTF-8"?>
<!-- Generated by org.testng.reporters.JUnitXMLReporter -->
<testsuite hostname="LAPTOP-KQEP0MCP" ignored="0" name="Test2" tests="3" failures="1" timestamp="02 Mar 2022 00:50:04 GMT" time="0.009" errors="0">
  <testcase name="test2" time="0.003" classname="testngDemo.Test2">
    <skipped/>
  </testcase> <!-- test2 -->
  <testcase name="test2" time="0.0" classname="testngDemo.Test2">
    <skipped/>
  </testcase> <!-- test2 -->
  <testcase name="test2" time="0.0" classname="testngDemo.Test2">
    <failure type="java.lang.AssertionError" message="expected [true] but found [false]">
      <![CDATA[java.lang.AssertionError: expected [true] but found [false]
at testngDemo.Test2.test2(Test2.java:11)
... Removed 29 stack frames]]>
    </failure>
  </testcase> <!-- test2 -->
</testsuite> <!-- Test2 -->
